# JRE version: Java(TM) SE Runtime Environment (8.0_191-b12) (build 1.8.0_191-b12)
# Java VM: Java HotSpot(TM) 64-Bit Server VM (25.191-b12 mixed mode linux-amd64 compressed oops)
Heap:
 PSYoungGen      total 764928K, used 38900K [0x000000076df00000, 0x000000079f280000, 0x00000007c0000000)
  eden space 726016K, 0% used [0x000000076df00000,0x000000076df00000,0x000000079a400000)
  from space 38912K, 99% used [0x000000079a400000,0x000000079c9fd318,0x000000079ca00000)
  to   space 31744K, 0% used [0x000000079ca00000,0x000000079ca00000,0x000000079e900000)
 ParOldGen       total 228864K, used 61909K [0x00000006c9c00000, 0x00000006d7b80000, 0x000000076df00000)
  object space 228864K, 27% used [0x00000006c9c00000,0x00000006cd875768,0x00000006d7b80000)
 Metaspace       used 75330K, capacity 76312K, committed 76544K, reserved 1116160K
  class space    used 10240K, capacity 10454K, committed 10496K, reserved 1048576K
GC Heap History (10 events):
Event: 9.724 GC heap after
Heap after GC invocations=17 (full 3):
 PSYoungGen      total 433152K, used 17210K [0x000000076df00000, 0x000000078ae00000, 0x00000007c0000000)
  eden space 413184K, 0% used [0x000000076df00000,0x000000076df00000,0x0000000787280000)
  from space 19968K, 86% used [0x0000000788780000,0x000000078984e910,0x0000000789b00000)
  to   space 21504K, 0% used [0x0000000787280000,0x0000000787280000,0x0000000788780000)
 ParOldGen       total 228864K, used 27357K [0x00000006c9c00000, 0x00000006d7b80000, 0x000000076df00000)
  object space 228864K, 11% used [0x00000006c9c00000,0x00000006cb6b7438,0x00000006d7b80000)
 Metaspace       used 62597K, capacity 63294K, committed 63616K, reserved 1103872K
  class space    used 8537K, capacity 8721K, committed 8832K, reserved 1048576K
}
Event: 10.650 GC heap before
{Heap before GC invocations=18 (full 3):
 PSYoungGen      total 433152K, used 430394K [0x000000076df00000, 0x000000078ae00000, 0x00000007c0000000)
  eden space 413184K, 100% used [0x000000076df00000,0x0000000787280000,0x0000000787280000)
  from space 19968K, 86% used [0x0000000788780000,0x000000078984e910,0x0000000789b00000)
  to   space 21504K, 0% used [0x0000000787280000,0x0000000787280000,0x0000000788780000)
 ParOldGen       total 228864K, used 27357K [0x00000006c9c00000, 0x00000006d7b80000, 0x000000076df00000)
  object space 228864K, 11% used [0x00000006c9c00000,0x00000006cb6b7438,0x00000006d7b80000)
 Metaspace       used 62957K, capacity 63646K, committed 63872K, reserved 1103872K
  class space    used 8585K, capacity 8753K, committed 8832K, reserved 1048576K
Event: 10.670 GC heap after
Heap after GC invocations=18 (full 3):
 PSYoungGen      total 434688K, used 18987K [0x000000076df00000, 0x0000000791a80000, 0x00000007c0000000)
  eden space 413184K, 0% used [0x000000076df00000,0x000000076df00000,0x0000000787280000)
  from space 21504K, 88% used [0x0000000787280000,0x000000078850ae50,0x0000000788780000)
  to   space 23040K, 0% used [0x0000000790400000,0x0000000790400000,0x0000000791a80000)
 ParOldGen       total 228864K, used 27365K [0x00000006c9c00000, 0x00000006d7b80000, 0x000000076df00000)
  object space 228864K, 11% used [0x00000006c9c00000,0x00000006cb6b9438,0x00000006d7b80000)
 Metaspace       used 62957K, capacity 63646K, committed 63872K, reserved 1103872K
  class space    used 8585K, capacity 8753K, committed 8832K, reserved 1048576K
}
Event: 11.612 GC heap before
{Heap before GC invocations=19 (full 3):
 PSYoungGen      total 434688K, used 432171K [0x000000076df00000, 0x0000000791a80000, 0x00000007c0000000)
  eden space 413184K, 100% used [0x000000076df00000,0x0000000787280000,0x0000000787280000)
  from space 21504K, 88% used [0x0000000787280000,0x000000078850ae50,0x0000000788780000)
  to   space 23040K, 0% used [0x0000000790400000,0x0000000790400000,0x0000000791a80000)
 ParOldGen       total 228864K, used 27365K [0x00000006c9c00000, 0x00000006d7b80000, 0x000000076df00000)
  object space 228864K, 11% used [0x00000006c9c00000,0x00000006cb6b9438,0x00000006d7b80000)
 Metaspace       used 64065K, capacity 64772K, committed 65024K, reserved 1105920K
  class space    used 8727K, capacity 8914K, committed 8960K, reserved 1048576K
Event: 11.627 GC heap after
Heap after GC invocations=19 (full 3):
 PSYoungGen      total 559104K, used 22892K [0x000000076df00000, 0x0000000791e00000, 0x00000007c0000000)
  eden space 536064K, 0% used [0x000000076df00000,0x000000076df00000,0x000000078ea80000)
  from space 23040K, 99% used [0x0000000790400000,0x0000000791a5b1e0,0x0000000791a80000)
  to   space 26112K, 0% used [0x000000078ea80000,0x000000078ea80000,0x0000000790400000)
 ParOldGen       total 228864K, used 27373K [0x00000006c9c00000, 0x00000006d7b80000, 0x000000076df00000)
  object space 228864K, 11% used [0x00000006c9c00000,0x00000006cb6bb438,0x00000006d7b80000)
 Metaspace       used 64065K, capacity 64772K, committed 65024K, reserved 1105920K
  class space    used 8727K, capacity 8914K, committed 8960K, reserved 1048576K
}
Event: 13.996 GC heap before
{Heap before GC invocations=20 (full 3):
 PSYoungGen      total 559104K, used 558956K [0x000000076df00000, 0x0000000791e00000, 0x00000007c0000000)
  eden space 536064K, 100% used [0x000000076df00000,0x000000078ea80000,0x000000078ea80000)
  from space 23040K, 99% used [0x0000000790400000,0x0000000791a5b1e0,0x0000000791a80000)
  to   space 26112K, 0% used [0x000000078ea80000,0x000000078ea80000,0x0000000790400000)
 ParOldGen       total 228864K, used 27373K [0x00000006c9c00000, 0x00000006d7b80000, 0x000000076df00000)
  object space 228864K, 11% used [0x00000006c9c00000,0x00000006cb6bb438,0x00000006d7b80000)
 Metaspace       used 64707K, capacity 65372K, committed 65664K, reserved 1105920K
  class space    used 8791K, capacity 8982K, committed 9088K, reserved 1048576K
Event: 20.828 GC heap after
Heap after GC invocations=20 (full 3):
 PSYoungGen      total 562176K, used 26095K [0x000000076df00000, 0x000000079e900000, 0x00000007c0000000)
  eden space 536064K, 0% used [0x000000076df00000,0x000000076df00000,0x000000078ea80000)
  from space 26112K, 99% used [0x000000078ea80000,0x00000007903fbd48,0x0000000790400000)
  to   space 31744K, 0% used [0x000000079ca00000,0x000000079ca00000,0x000000079e900000)
 ParOldGen       total 228864K, used 33206K [0x00000006c9c00000, 0x00000006d7b80000, 0x000000076df00000)
  object space 228864K, 14% used [0x00000006c9c00000,0x00000006cbc6dae8,0x00000006d7b80000)
 Metaspace       used 64707K, capacity 65372K, committed 65664K, reserved 1105920K
  class space    used 8791K, capacity 8982K, committed 9088K, reserved 1048576K
}
Event: 24.434 GC heap before
{Heap before GC invocations=21 (full 3):
 PSYoungGen      total 562176K, used 562159K [0x000000076df00000, 0x000000079e900000, 0x00000007c0000000)
  eden space 536064K, 100% used [0x000000076df00000,0x000000078ea80000,0x000000078ea80000)
  from space 26112K, 99% used [0x000000078ea80000,0x00000007903fbd48,0x0000000790400000)
  to   space 31744K, 0% used [0x000000079ca00000,0x000000079ca00000,0x000000079e900000)
 ParOldGen       total 228864K, used 33206K [0x00000006c9c00000, 0x00000006d7b80000, 0x000000076df00000)
  object space 228864K, 14% used [0x00000006c9c00000,0x00000006cbc6dae8,0x00000006d7b80000)
 Metaspace       used 72638K, capacity 73576K, committed 73728K, reserved 1112064K
  class space    used 9905K, capacity 10126K, committed 10240K, reserved 1048576K
Event: 24.491 GC heap after
Heap after GC invocations=21 (full 3):
 PSYoungGen      total 757760K, used 31730K [0x000000076df00000, 0x000000079f280000, 0x00000007c0000000)
  eden space 726016K, 0% used [0x000000076df00000,0x000000076df00000,0x000000079a400000)
  from space 31744K, 99% used [0x000000079ca00000,0x000000079e8fc880,0x000000079e900000)
  to   space 38912K, 0% used [0x000000079a400000,0x000000079a400000,0x000000079ca00000)
 ParOldGen       total 228864K, used 40875K [0x00000006c9c00000, 0x00000006d7b80000, 0x000000076df00000)
  object space 228864K, 17% used [0x00000006c9c00000,0x00000006cc3eacc8,0x00000006d7b80000)
 Metaspace       used 72638K, capacity 73576K, committed 73728K, reserved 1112064K
  class space    used 9905K, capacity 10126K, committed 10240K, reserved 1048576K
}
Event: 26.216 GC heap before
{Heap before GC invocations=22 (full 3):
 PSYoungGen      total 757760K, used 757746K [0x000000076df00000, 0x000000079f280000, 0x00000007c0000000)
  eden space 726016K, 100% used [0x000000076df00000,0x000000079a400000,0x000000079a400000)
  from space 31744K, 99% used [0x000000079ca00000,0x000000079e8fc880,0x000000079e900000)
  to   space 38912K, 0% used [0x000000079a400000,0x000000079a400000,0x000000079ca00000)
 ParOldGen       total 228864K, used 40875K [0x00000006c9c00000, 0x00000006d7b80000, 0x000000076df00000)
  object space 228864K, 17% used [0x00000006c9c00000,0x00000006cc3eacc8,0x00000006d7b80000)
 Metaspace       used 75330K, capacity 76312K, committed 76544K, reserved 1116160K
  class space    used 10240K, capacity 10454K, committed 10496K, reserved 1048576K

